Created sessionlist, timeout:0
readingconfig
config read xseus from /home/t/xseus/xseus.xsi
created thread 0
did create a xseusserver with inifile:/home/t/xseus/xseus.xsi running 1 threads, NOT chunked
*************XSERV _is_created********
RUN server
startlistener
listener created
** STARTing LISTEN PORT:8001
**  LISTENING PORT:8001
***************listernconnection:4
0/get thread, free:1
started connection0/0@09:39:13
Open connection /127.0.0.1:44662
/mem+0/a:2720
read headers:host=localhost:8001
user-agent=Mozilla/5.0 (X11; Ubuntu; Linux x86_64; rv:47.0) Gecko/20100101 Firefox/47.0
accept=text/html,application/xhtml+xml,application/xml;q=0.9,*/*;q=0.8
accept-language=en-US,en;q=0.5
accept-encoding=gzip, deflate
cookie=user-id=rstudio|Tue%2C%2018%20Nov%202025%2010%3A24%3A16%20GMT|FgMvYXQSD459AnalWSCLMPF%2FyuA%3D; __utma=111872281.613394191.1452421042.1455204486.1455349509.12; xseus_session=ikotktit
connection=keep-alive
cache-control=max-age=0

nosession
OUTBUFFER:0
assign outoput
outputmodeok
assigned outoput1
assigned outoput2
buffer:256
assigned outoput
URL:/notes/notes.htmi!!!
created lock for /home/t/xseus/www/notes/notes.htmi
freelock:/home/t/xseus/www/notes/notes.htmi
inited xseus09:39:13 (0) for:/notes/notes.htmi
freed:/notes/notes.htmi/mymem:172384
finishing Non-chunked
allout::130131
custheads: HTTP/1.0 200
Content-length: 130131
Content-type: text/html; charset=utf-8
Date: Sat, 6 Aug 2016 09:39:13 +0300
Set-Cookie: xseus_session=ikotktit; path=/
Server: Xseus / Synapse

187!
finished xseus-serving/mymem:1888/14240
closing-----------------------------------
released thread 0 now at 0/1
connectionmemlost:8544
***************listernconnection:6
0/get thread, free:1
started connection0/0@09:39:15
Open connection /127.0.0.1:44663
/mem+0/a:11072
read headers:host=localhost:8001
user-agent=Mozilla/5.0 (X11; Ubuntu; Linux x86_64; rv:47.0) Gecko/20100101 Firefox/47.0
accept=text/html,application/xhtml+xml,application/xml;q=0.9,*/*;q=0.8
accept-language=en-US,en;q=0.5
accept-encoding=gzip, deflate
cookie=user-id=rstudio|Tue%2C%2018%20Nov%202025%2010%3A24%3A16%20GMT|FgMvYXQSD459AnalWSCLMPF%2FyuA%3D; __utma=111872281.613394191.1452421042.1455204486.1455349509.12; xseus_session=ikotktit
connection=keep-alive
cache-control=max-age=0

OUTBUFFER:0
assign outoput
outputmodeok
assigned outoput1
assigned outoput2
buffer:256
assigned outoput
URL:/notes/notes.htmi!!!
created lock for /home/t/xseus/www/notes/notes.htmi
freelock:/home/t/xseus/www/notes/notes.htmi
inited xseus09:39:15 (0) for:/notes/notes.htmi
freed:/notes/notes.htmi/mymem:174432
finishing Non-chunked
allout::130131
custheads: HTTP/1.0 200
Content-length: 130131
Content-type: text/html; charset=utf-8
Date: Sat, 6 Aug 2016 09:39:15 +0300
Set-Cookie: xseus_session=ikotktit; path=/
Server: Xseus / Synapse

187!
finished xseus-serving/mymem:1696/16288
closing-----------------------------------
released thread 0 now at 0/1
connectionmemlost:1664
***************listernconnection:8
0/get thread, free:1
started connection0/0@09:39:16
Open connection /127.0.0.1:44664
/mem+0/a:12928
read headers:host=localhost:8001
user-agent=Mozilla/5.0 (X11; Ubuntu; Linux x86_64; rv:47.0) Gecko/20100101 Firefox/47.0
accept=text/html,application/xhtml+xml,application/xml;q=0.9,*/*;q=0.8
accept-language=en-US,en;q=0.5
accept-encoding=gzip, deflate
cookie=user-id=rstudio|Tue%2C%2018%20Nov%202025%2010%3A24%3A16%20GMT|FgMvYXQSD459AnalWSCLMPF%2FyuA%3D; __utma=111872281.613394191.1452421042.1455204486.1455349509.12; xseus_session=ikotktit
connection=keep-alive
cache-control=max-age=0

OUTBUFFER:0
assign outoput
outputmodeok
assigned outoput1
assigned outoput2
buffer:256
assigned outoput
URL:/notes/notes.htmi!!!
created lock for /home/t/xseus/www/notes/notes.htmi
freelock:/home/t/xseus/www/notes/notes.htmi
inited xseus09:39:16 (0) for:/notes/notes.htmi
freed:/notes/notes.htmi/mymem:175904
finishing Non-chunked
allout::130131
custheads: HTTP/1.0 200
Content-length: 130131
Content-type: text/html; charset=utf-8
Date: Sat, 6 Aug 2016 09:39:16 +0300
Set-Cookie: xseus_session=ikotktit; path=/
Server: Xseus / Synapse

187!
finished xseus-serving/mymem:1696/17760
closing-----------------------------------
released thread 0 now at 0/1
connectionmemlost:1280
***************listernconnection:10
0/get thread, free:1
started connection0/0@09:39:18
Open connection /127.0.0.1:44665
/mem+0/a:14400
read headers:host=localhost:8001
user-agent=Mozilla/5.0 (X11; Ubuntu; Linux x86_64; rv:47.0) Gecko/20100101 Firefox/47.0
accept=text/html,application/xhtml+xml,application/xml;q=0.9,*/*;q=0.8
accept-language=en-US,en;q=0.5
accept-encoding=gzip, deflate
cookie=user-id=rstudio|Tue%2C%2018%20Nov%202025%2010%3A24%3A16%20GMT|FgMvYXQSD459AnalWSCLMPF%2FyuA%3D; __utma=111872281.613394191.1452421042.1455204486.1455349509.12; xseus_session=ikotktit
connection=keep-alive
cache-control=max-age=0

OUTBUFFER:0
assign outoput
outputmodeok
assigned outoput1
assigned outoput2
buffer:256
assigned outoput
URL:/notes/notes.htmi!!!
created lock for /home/t/xseus/www/notes/notes.htmi
freelock:/home/t/xseus/www/notes/notes.htmi
inited xseus09:39:18 (0) for:/notes/notes.htmi
freed:/notes/notes.htmi/mymem:177376
finishing Non-chunked
allout::130131
custheads: HTTP/1.0 200
Content-length: 130131
Content-type: text/html; charset=utf-8
Date: Sat, 6 Aug 2016 09:39:18 +0300
Set-Cookie: xseus_session=ikotktit; path=/
Server: Xseus / Synapse

187!
finished xseus-serving/mymem:1696/19232
closing-----------------------------------
released thread 0 now at 0/1
connectionmemlost:1280
***************listernconnection:14
0/get thread, free:1
started connection0/0@09:39:21
Open connection /127.0.0.1:44666
/mem+0/a:15872
read headers:host=localhost:8001
user-agent=Mozilla/5.0 (X11; Ubuntu; Linux x86_64; rv:47.0) Gecko/20100101 Firefox/47.0
accept=text/html,application/xhtml+xml,application/xml;q=0.9,*/*;q=0.8
accept-language=en-US,en;q=0.5
accept-encoding=gzip, deflate
cookie=user-id=rstudio|Tue%2C%2018%20Nov%202025%2010%3A24%3A16%20GMT|FgMvYXQSD459AnalWSCLMPF%2FyuA%3D; __utma=111872281.613394191.1452421042.1455204486.1455349509.12; xseus_session=ikotktit
connection=keep-alive
cache-control=max-age=0

OUTBUFFER:0
assign outoput
outputmodeok
assigned outoput1
assigned outoput2
buffer:256
assigned outoput
URL:/notes/notes.htmi!!!
created lock for /home/t/xseus/www/notes/notes.htmi
freelock:/home/t/xseus/www/notes/notes.htmi
inited xseus09:39:21 (0) for:/notes/notes.htmi
freed:/notes/notes.htmi/mymem:178848
finishing Non-chunked
allout::130131
custheads: HTTP/1.0 200
Content-length: 130131
Content-type: text/html; charset=utf-8
Date: Sat, 6 Aug 2016 09:39:21 +0300
Set-Cookie: xseus_session=ikotktit; path=/
Server: Xseus / Synapse

187!
finished xseus-serving/mymem:1696/20704
closing-----------------------------------
released thread 0 now at 0/1
connectionmemlost:1280
***************listernconnection:16
0/get thread, free:1
started connection0/0@09:39:22
Open connection /127.0.0.1:44667
/mem+0/a:17344
read headers:host=localhost:8001
user-agent=Mozilla/5.0 (X11; Ubuntu; Linux x86_64; rv:47.0) Gecko/20100101 Firefox/47.0
accept=text/html,application/xhtml+xml,application/xml;q=0.9,*/*;q=0.8
accept-language=en-US,en;q=0.5
accept-encoding=gzip, deflate
cookie=user-id=rstudio|Tue%2C%2018%20Nov%202025%2010%3A24%3A16%20GMT|FgMvYXQSD459AnalWSCLMPF%2FyuA%3D; __utma=111872281.613394191.1452421042.1455204486.1455349509.12; xseus_session=ikotktit
connection=keep-alive
cache-control=max-age=0

OUTBUFFER:0
assign outoput
outputmodeok
assigned outoput1
assigned outoput2
buffer:256
assigned outoput
URL:/notes/notes.htmi!!!
created lock for /home/t/xseus/www/notes/notes.htmi
freelock:/home/t/xseus/www/notes/notes.htmi
inited xseus09:39:22 (0) for:/notes/notes.htmi
freed:/notes/notes.htmi/mymem:180320
finishing Non-chunked
allout::130131
custheads: HTTP/1.0 200
Content-length: 130131
Content-type: text/html; charset=utf-8
Date: Sat, 6 Aug 2016 09:39:23 +0300
Set-Cookie: xseus_session=ikotktit; path=/
Server: Xseus / Synapse

187!
finished xseus-serving/mymem:1696/22176
closing-----------------------------------
released thread 0 now at 0/1
connectionmemlost:1280
***************listernconnection:18
0/get thread, free:1
started connection0/0@09:39:24
Open connection /127.0.0.1:44668
/mem+0/a:18816
read headers:host=localhost:8001
user-agent=Mozilla/5.0 (X11; Ubuntu; Linux x86_64; rv:47.0) Gecko/20100101 Firefox/47.0
accept=text/html,application/xhtml+xml,application/xml;q=0.9,*/*;q=0.8
accept-language=en-US,en;q=0.5
accept-encoding=gzip, deflate
cookie=user-id=rstudio|Tue%2C%2018%20Nov%202025%2010%3A24%3A16%20GMT|FgMvYXQSD459AnalWSCLMPF%2FyuA%3D; __utma=111872281.613394191.1452421042.1455204486.1455349509.12; xseus_session=ikotktit
connection=keep-alive
cache-control=max-age=0

OUTBUFFER:0
assign outoput
outputmodeok
assigned outoput1
assigned outoput2
buffer:256
assigned outoput
URL:/notes/notes.htmi!!!
created lock for /home/t/xseus/www/notes/notes.htmi
freelock:/home/t/xseus/www/notes/notes.htmi
inited xseus09:39:24 (0) for:/notes/notes.htmi
freed:/notes/notes.htmi/mymem:181792
finishing Non-chunked
allout::130131
custheads: HTTP/1.0 200
Content-length: 130131
Content-type: text/html; charset=utf-8
Date: Sat, 6 Aug 2016 09:39:24 +0300
Set-Cookie: xseus_session=ikotktit; path=/
Server: Xseus / Synapse

187!
finished xseus-serving/mymem:1696/23648
closing-----------------------------------
released thread 0 now at 0/1
connectionmemlost:1280
***************listernconnection:20
0/get thread, free:1
started connection0/0@09:39:25
Open connection /127.0.0.1:44669
/mem+0/a:20288
read headers:host=localhost:8001
user-agent=Mozilla/5.0 (X11; Ubuntu; Linux x86_64; rv:47.0) Gecko/20100101 Firefox/47.0
accept=text/html,application/xhtml+xml,application/xml;q=0.9,*/*;q=0.8
accept-language=en-US,en;q=0.5
accept-encoding=gzip, deflate
cookie=user-id=rstudio|Tue%2C%2018%20Nov%202025%2010%3A24%3A16%20GMT|FgMvYXQSD459AnalWSCLMPF%2FyuA%3D; __utma=111872281.613394191.1452421042.1455204486.1455349509.12; xseus_session=ikotktit
connection=keep-alive
cache-control=max-age=0

OUTBUFFER:0
assign outoput
outputmodeok
assigned outoput1
assigned outoput2
buffer:256
assigned outoput
URL:/notes/notes.htmi!!!
created lock for /home/t/xseus/www/notes/notes.htmi
freelock:/home/t/xseus/www/notes/notes.htmi
inited xseus09:39:25 (0) for:/notes/notes.htmi
freed:/notes/notes.htmi/mymem:183264
finishing Non-chunked
allout::130131
custheads: HTTP/1.0 200
Content-length: 130131
Content-type: text/html; charset=utf-8
Date: Sat, 6 Aug 2016 09:39:26 +0300
Set-Cookie: xseus_session=ikotktit; path=/
Server: Xseus / Synapse

187!
finished xseus-serving/mymem:1696/25120
closing-----------------------------------
released thread 0 now at 0/1
connectionmemlost:1280
***************listernconnection:99
0/get thread, free:1
started connection0/0@10:07:59
Open connection /127.0.0.1:45819
/mem+0/a:21760
read headers:host=localhost:8001
user-agent=Mozilla/5.0 (X11; Ubuntu; Linux x86_64; rv:47.0) Gecko/20100101 Firefox/47.0
accept=text/html,application/xhtml+xml,application/xml;q=0.9,*/*;q=0.8
accept-language=en-US,en;q=0.5
accept-encoding=gzip, deflate
cookie=user-id=rstudio|Tue%2C%2018%20Nov%202025%2010%3A24%3A16%20GMT|FgMvYXQSD459AnalWSCLMPF%2FyuA%3D; __utma=111872281.613394191.1452421042.1455204486.1455349509.12; xseus_session=ikotktit
connection=keep-alive
cache-control=max-age=0

OUTBUFFER:0
assign outoput
outputmodeok
assigned outoput1
assigned outoput2
buffer:256
assigned outoput
URL:/notes/notes.htmi!!!
created lock for /home/t/xseus/www/notes/notes.htmi
freelock:/home/t/xseus/www/notes/notes.htmi
inited xseus10:07:59 (0) for:/notes/notes.htmi
xstopping
stopping
didto:
!
freed:/notes/notes.htmi/mymem:60960
finishing Non-chunked
allout::455
custheads: HTTP/1.0 200
Content-length: 455
Content-type: text/html; charset=utf-8
Date: Sat, 6 Aug 2016 10:08:26 +0300
Set-Cookie: xseus_session=ikotktit; path=/
Server: Xseus / Synapse

184!
finished xseus-serving/mymem:29440/54368
closing-----------------------------------
released thread 0 now at 0/1
connectionmemlost:29056
***************listernconnection:37
0/get thread, free:1
started connection0/0@10:08:38
Open connection /127.0.0.1:45820
/mem+0/a:51008
read headers:host=localhost:8001
user-agent=Mozilla/5.0 (X11; Ubuntu; Linux x86_64; rv:47.0) Gecko/20100101 Firefox/47.0
accept=text/html,application/xhtml+xml,application/xml;q=0.9,*/*;q=0.8
accept-language=en-US,en;q=0.5
accept-encoding=gzip, deflate
cookie=user-id=rstudio|Tue%2C%2018%20Nov%202025%2010%3A24%3A16%20GMT|FgMvYXQSD459AnalWSCLMPF%2FyuA%3D; __utma=111872281.613394191.1452421042.1455204486.1455349509.12; xseus_session=ikotktit
connection=keep-alive
cache-control=max-age=0

OUTBUFFER:0
assign outoput
outputmodeok
assigned outoput1
assigned outoput2
buffer:256
assigned outoput
URL:/notes/notes.htmi!!!
created lock for /home/t/xseus/www/notes/notes.htmi
freelock:/home/t/xseus/www/notes/notes.htmi
inited xseus10:08:38 (0) for:/notes/notes.htmi
xstopping
stopping
didto:
!
freed:/notes/notes.htmi/mymem:90176
finishing Non-chunked
allout::455
custheads: HTTP/1.0 200
Content-length: 455
Content-type: text/html; charset=utf-8
Date: Sat, 6 Aug 2016 10:09:05 +0300
Set-Cookie: xseus_session=ikotktit; path=/
Server: Xseus / Synapse

184!
finished xseus-serving/mymem:29440/83584
closing-----------------------------------
released thread 0 now at 0/1
connectionmemlost:29024
